<?xml version="1.0" encoding="UTF-8"?>
<!-- Generated by org.testng.reporters.JUnitReportReporter -->
<testsuite name="actions.SearchFieldTestSuite" tests="3" time="22.880" ignored="0" failures="0" timestamp="02 Sep 2019 10:59:48 GMT" skipped="0" hostname="ISW-GSIG-UO1" errors="0">
  <testcase name="verifySearchFieldReturnsBillerListAfterSavedPaymentOptionsAreExausted" time="1.489" classname="actions.SearchFieldTestSuite"/>
  <testcase name="verifyUserReturnstoDashBoardScreenWhenSearchCriteiraIsRemovedFromSearchField" time="0.356" classname="actions.SearchFieldTestSuite"/>
  <testcase name="verifySearchFieldReturnsSavedPaymentItemsFirst" time="21.035" classname="actions.SearchFieldTestSuite"/>
</testsuite> <!-- actions.SearchFieldTestSuite -->
