<?xml version="1.0" encoding="UTF-8"?>
<!-- Generated by org.testng.reporters.JUnitReportReporter -->
<testsuite name="actions.OTPTestSuite" tests="4" time="28.183" ignored="0" failures="0" timestamp="05 Sep 2019 12:46:59 GMT" skipped="0" hostname="ISW-GSIG-UO1" errors="0">
  <testcase name="doNotEnterOTPTest" time="0.359" classname="actions.OTPTestSuite"/>
  <testcase name="ResendOtpTest" time="0.702" classname="actions.OTPTestSuite"/>
  <testcase name="InvalidOTPTest" time="0.537" classname="actions.OTPTestSuite"/>
  <testcase name="verifyOTPScreenDisplays" time="26.585" classname="actions.OTPTestSuite"/>
</testsuite> <!-- actions.OTPTestSuite -->
