<?xml version="1.0" encoding="UTF-8"?>
<!-- Generated by org.testng.reporters.JUnitReportReporter -->
<testsuite name="actions.ReceiptPageTestSuite" tests="2" time="61.635" ignored="0" failures="0" timestamp="05 Sep 2019 12:43:15 GMT" skipped="0" hostname="ISW-GSIG-UO1" errors="0">
  <testcase name="verifyThatElementsOnPendingSummaryPageArePresent" time="39.225" classname="actions.ReceiptPageTestSuite"/>
  <testcase name="verifyThatElementsOnSuccessReceiptPageArePresent" time="22.410" classname="actions.ReceiptPageTestSuite"/>
</testsuite> <!-- actions.ReceiptPageTestSuite -->
