<?xml version="1.0" encoding="UTF-8"?>
<!-- Generated by org.testng.reporters.JUnitReportReporter -->
<testsuite name="actions.BookTicketsSuccessfullyTestSuite" tests="1" time="129.650" ignored="0" failures="0" timestamp="16 Sep 2019 22:13:46 GMT" skipped="0" hostname="ISW-GSIG-UO1" errors="0">
  <testcase name="bookAOneWayTicketSuccessfully" time="129.650" classname="actions.BookTicketsSuccessfullyTestSuite"/>
</testsuite> <!-- actions.BookTicketsSuccessfullyTestSuite -->
