<?xml version="1.0" encoding="UTF-8"?>
<!-- Generated by org.testng.reporters.JUnitReportReporter -->
<testsuite name="actions.ProfilePageTestSuite" tests="5" time="25.918" ignored="0" failures="0" timestamp="05 Sep 2019 14:12:17 GMT" skipped="0" hostname="ISW-GSIG-UO1" errors="0">
  <testcase name="changePasswordSuccessfully" time="3.073" classname="actions.ProfilePageTestSuite"/>
  <testcase name="changePasswordAllFieldsEmpty" time="3.233" classname="actions.ProfilePageTestSuite"/>
  <testcase name="changeFirstNameAndLastNameSuccessfully" time="10.901" classname="actions.ProfilePageTestSuite"/>
  <testcase name="changePasswordNewPasswordAndReTypePasswordFieldsAreEmpty" time="3.106" classname="actions.ProfilePageTestSuite"/>
  <testcase name="changePasswordInvalidOldPassword" time="5.605" classname="actions.ProfilePageTestSuite"/>
</testsuite> <!-- actions.ProfilePageTestSuite -->
